<?xml version="1.0" encoding="UTF-8"?>
<!-- Generated by org.testng.reporters.JUnitReportReporter -->
<testsuite hostname="Hemant" name="Hybrent4_0_0rc1.Warehouse" tests="18" failures="0" timestamp="29 Aug 2022 06:49:11 GMT" time="358.919" errors="1">
  <testcase name="Verify_WarehouseOrder" time="16.129" classname="Hybrent4_0_0rc1.Warehouse"/>
  <testcase name="Verify_WarehouseitemAddInShop" time="21.093" classname="Hybrent4_0_0rc1.Warehouse"/>
  <testcase name="Verify_WarehouseItemInCart" time="30.562" classname="Hybrent4_0_0rc1.Warehouse"/>
  <testcase name="Verify_WarehouseModuleTap" time="18.573" classname="Hybrent4_0_0rc1.Warehouse"/>
  <testcase name="Create_WarehouseOrder" time="12.461" classname="Hybrent4_0_0rc1.Warehouse"/>
  <testcase name="AddToScanout" time="12.484" classname="Hybrent4_0_0rc1.Warehouse"/>
  <testcase name="VerifyPicked" time="4.162" classname="Hybrent4_0_0rc1.Warehouse"/>
  <testcase name="IncreaseItemQuantity" time="37.916" classname="Hybrent4_0_0rc1.Warehouse"/>
  <testcase name="Verify_Complete_ScanOutForWarehouseItem" time="67.956" classname="Hybrent4_0_0rc1.Warehouse">
    <error type="org.openqa.selenium.TimeoutException" message="Expected condition failed: waiting for visibility of element located by By.xpath: /hierarchy/android.widget.FrameLayout/android.widget.LinearLayout/android.widget.FrameLayout/android.webkit.WebView/android.webkit.WebView/android.view.View/android.view.View[2]/android.view.View/android.widget.Button[2]
 (tried for 20 second(s) with 500 milliseconds interval)
Build info: version: &#039;4.1.1&#039;, revision: &#039;e8fcc2cecf&#039;
System info: host: &#039;HEMANT&#039;, ip: &#039;192.168.1.8&#039;, os.name: &#039;Windows 11&#039;, os.arch: &#039;amd64&#039;, os.version: &#039;10.0&#039;, java.version: &#039;1.8.0_333&#039;
Driver info: io.appium.java_client.android.AndroidDriver
Capabilities {appium:appActivity: com.hybrent.hybrent.MainAct..., appium:appPackage: com.hybrent.hybrent, appium:databaseEnabled: false, appium:desired: {appActivity: com.hybrent.hybrent.MainAct..., appPackage: com.hybrent.hybrent, deviceName: ZY2242XGM3, platformName: android, skipUnlock: true, version: 8.1.0}, appium:deviceApiLevel: 27, appium:deviceManufacturer: motorola, appium:deviceModel: Moto G (5) Plus, appium:deviceName: ZY2242XGM3, appium:deviceScreenDensity: 480, appium:deviceScreenSize: 1080x1920, appium:deviceUDID: ZY2242XGM3, appium:javascriptEnabled: true, appium:locationContextEnabled: false, appium:networkConnectionEnabled: true, appium:pixelRatio: 3, appium:platformVersion: 8.1.0, appium:skipUnlock: true, appium:statBarHeight: 72, appium:takesScreenshot: true, appium:version: 8.1.0, appium:viewportRect: {height: 1704, left: 0, top: 72, width: 1080}, appium:warnings: {}, appium:webStorageEnabled: false, platformName: android}
Session ID: 9498e368-9a41-40d7-9b29-34da0c3dca37">
      <![CDATA[org.openqa.selenium.TimeoutException: Expected condition failed: waiting for visibility of element located by By.xpath: /hierarchy/android.widget.FrameLayout/android.widget.LinearLayout/android.widget.FrameLayout/android.webkit.WebView/android.webkit.WebView/android.view.View/android.view.View[2]/android.view.View/android.widget.Button[2]
 (tried for 20 second(s) with 500 milliseconds interval)
Build info: version: '4.1.1', revision: 'e8fcc2cecf'
System info: host: 'HEMANT', ip: '192.168.1.8', os.name: 'Windows 11', os.arch: 'amd64', os.version: '10.0', java.version: '1.8.0_333'
Driver info: io.appium.java_client.android.AndroidDriver
Capabilities {appium:appActivity: com.hybrent.hybrent.MainAct..., appium:appPackage: com.hybrent.hybrent, appium:databaseEnabled: false, appium:desired: {appActivity: com.hybrent.hybrent.MainAct..., appPackage: com.hybrent.hybrent, deviceName: ZY2242XGM3, platformName: android, skipUnlock: true, version: 8.1.0}, appium:deviceApiLevel: 27, appium:deviceManufacturer: motorola, appium:deviceModel: Moto G (5) Plus, appium:deviceName: ZY2242XGM3, appium:deviceScreenDensity: 480, appium:deviceScreenSize: 1080x1920, appium:deviceUDID: ZY2242XGM3, appium:javascriptEnabled: true, appium:locationContextEnabled: false, appium:networkConnectionEnabled: true, appium:pixelRatio: 3, appium:platformVersion: 8.1.0, appium:skipUnlock: true, appium:statBarHeight: 72, appium:takesScreenshot: true, appium:version: 8.1.0, appium:viewportRect: {height: 1704, left: 0, top: 72, width: 1080}, appium:warnings: {}, appium:webStorageEnabled: false, platformName: android}
Session ID: 9498e368-9a41-40d7-9b29-34da0c3dca37
	at org.openqa.selenium.support.ui.WebDriverWait.timeoutException(WebDriverWait.java:138)
	at org.openqa.selenium.support.ui.FluentWait.until(FluentWait.java:231)
	at Hybrent4_0_0rc1.Warehouse.Verify_Complete_ScanOutForWarehouseItem(Warehouse.java:657)
	at sun.reflect.NativeMethodAccessorImpl.invoke0(Native Method)
	at sun.reflect.NativeMethodAccessorImpl.invoke(Unknown Source)
	at sun.reflect.DelegatingMethodAccessorImpl.invoke(Unknown Source)
	at java.lang.reflect.Method.invoke(Unknown Source)
	at org.testng.internal.MethodInvocationHelper.invokeMethod(MethodInvocationHelper.java:86)
	at org.testng.internal.Invoker.invokeMethod(Invoker.java:645)
	at org.testng.internal.Invoker.invokeTestMethod(Invoker.java:822)
	at org.testng.internal.Invoker.invokeTestMethods(Invoker.java:1130)
	at org.testng.internal.TestMethodWorker.invokeTestMethods(TestMethodWorker.java:129)
	at org.testng.internal.TestMethodWorker.run(TestMethodWorker.java:112)
	at org.testng.TestRunner.privateRun(TestRunner.java:782)
	at org.testng.TestRunner.run(TestRunner.java:632)
	at org.testng.SuiteRunner.runTest(SuiteRunner.java:366)
	at org.testng.SuiteRunner.runSequentially(SuiteRunner.java:361)
	at org.testng.SuiteRunner.privateRun(SuiteRunner.java:319)
	at org.testng.SuiteRunner.run(SuiteRunner.java:268)
	at org.testng.SuiteRunnerWorker.runSuite(SuiteRunnerWorker.java:52)
	at org.testng.SuiteRunnerWorker.run(SuiteRunnerWorker.java:86)
	at org.testng.TestNG.runSuitesSequentially(TestNG.java:1244)
	at org.testng.TestNG.runSuitesLocally(TestNG.java:1169)
	at org.testng.TestNG.run(TestNG.java:1064)
	at org.testng.remote.RemoteTestNG.run(RemoteTestNG.java:113)
	at org.testng.remote.RemoteTestNG.initAndRun(RemoteTestNG.java:206)
	at org.testng.remote.RemoteTestNG.main(RemoteTestNG.java:177)
]]>
    </error>
  </testcase> <!-- Verify_Complete_ScanOutForWarehouseItem -->
  <testcase name="SelectWarehosueFacilityInScanout" time="18.668" classname="Hybrent4_0_0rc1.Warehouse"/>
  <testcase name="Verify_CreatedWarehouseOrder" time="8.924" classname="Hybrent4_0_0rc1.Warehouse"/>
  <testcase name="VerifyDeleteAllItem" time="33.555" classname="Hybrent4_0_0rc1.Warehouse"/>
  <testcase name="Verify_WarehouseShop" time="15.037" classname="Hybrent4_0_0rc1.Warehouse"/>
  <testcase name="Verify_Warehouseorder" time="24.807" classname="Hybrent4_0_0rc1.Warehouse"/>
  <testcase name="Verify_Warehousefacility" time="8.499" classname="Hybrent4_0_0rc1.Warehouse"/>
  <testcase name="Verify_WarehouseOrderDetail" time="10.869" classname="Hybrent4_0_0rc1.Warehouse"/>
  <testcase name="Select_WarehouseInventory" time="9.566" classname="Hybrent4_0_0rc1.Warehouse"/>
  <testcase name="VerifyWarehosueItemInScanout" time="7.658" classname="Hybrent4_0_0rc1.Warehouse"/>
</testsuite> <!-- Hybrent4_0_0rc1.Warehouse -->
